app/build/intermediates/manifest_merge_blame_file/debug/processDebugMainManifest/manifest-merger-blame-debug-report.txt
1<?xml version="1.0" encoding="utf-8"?>
2<manifest xmlns:android="http://schemas.android.com/apk/res/android"
3    package="com.example.myapplication"
4    android:versionCode="1"
5    android:versionName="1.0" >
6
7    <uses-sdk
8        android:minSdkVersion="24"
9        android:targetSdkVersion="36" />
10
11    <permission
11-->[androidx.core:core:1.13.0] AndroidManifest.xml:22:5-24:47
12        android:name="com.example.myapplication.DYNAMIC_RECEIVER_NOT_EXPORTED_PERMISSION"
12-->[androidx.core:core:1.13.0] AndroidManifest.xml:23:9-81
13        android:protectionLevel="signature" />
13-->[androidx.core:core:1.13.0] AndroidManifest.xml:24:9-44
14
15    <uses-permission android:name="com.example.myapplication.DYNAMIC_RECEIVER_NOT_EXPORTED_PERMISSION" />
15-->[androidx.core:core:1.13.0] AndroidManifest.xml:26:5-97
15-->[androidx.core:core:1.13.0] AndroidManifest.xml:26:22-94
16
17    <application
17-->src\main\AndroidManifest.xml:5:5-47:19
18        android:allowBackup="true"
18-->src\main\AndroidManifest.xml:6:9-35
19        android:appComponentFactory="androidx.core.app.CoreComponentFactory"
19-->[androidx.core:core:1.13.0] AndroidManifest.xml:28:18-86
20        android:dataExtractionRules="@xml/data_extraction_rules"
20-->src\main\AndroidManifest.xml:7:9-65
21        android:debuggable="true"
22        android:extractNativeLibs="false"
23        android:fullBackupContent="@xml/backup_rules"
23-->src\main\AndroidManifest.xml:8:9-54
24        android:icon="@mipmap/ic_launcher"
24-->src\main\AndroidManifest.xml:9:9-43
25        android:label="My Application"
25-->src\main\AndroidManifest.xml:10:9-39
26        android:roundIcon="@mipmap/ic_launcher_round"
26-->src\main\AndroidManifest.xml:11:9-54
27        android:supportsRtl="true"
27-->src\main\AndroidManifest.xml:12:9-35
28        android:testOnly="true"
29        android:theme="@style/Theme.MyApplication" >
29-->src\main\AndroidManifest.xml:13:9-51
30        <activity
30-->src\main\AndroidManifest.xml:15:9-17:39
31            android:name="com.example.myapplication.common.RoleSelectionActivity"
31-->src\main\AndroidManifest.xml:16:13-57
32            android:exported="true" />
32-->src\main\AndroidManifest.xml:17:13-36
33        <activity
33-->src\main\AndroidManifest.xml:19:9-28:20
34            android:name="com.example.myapplication.common.SplashActivity"
34-->src\main\AndroidManifest.xml:20:13-50
35            android:exported="true" >
35-->src\main\AndroidManifest.xml:21:13-36
36            <intent-filter>
36-->src\main\AndroidManifest.xml:23:13-26:29
37                <action android:name="android.intent.action.MAIN" />
37-->src\main\AndroidManifest.xml:24:17-69
37-->src\main\AndroidManifest.xml:24:25-66
38
39                <category android:name="android.intent.category.LAUNCHER" />
39-->src\main\AndroidManifest.xml:25:17-77
39-->src\main\AndroidManifest.xml:25:27-74
40            </intent-filter>
41        </activity>
42        <activity
42-->src\main\AndroidManifest.xml:29:9-89
43            android:name="com.example.myapplication.admin.AdminDashboardActivity"
43-->src\main\AndroidManifest.xml:29:19-63
44            android:exported="true" />
44-->src\main\AndroidManifest.xml:29:64-87
45        <activity
45-->src\main\AndroidManifest.xml:30:9-88
46            android:name="com.example.myapplication.admin.ManageRentersActivity"
46-->src\main\AndroidManifest.xml:30:19-62
47            android:exported="true" />
47-->src\main\AndroidManifest.xml:30:63-86
48        <activity
48-->src\main\AndroidManifest.xml:31:9-90
49            android:name="com.example.myapplication.admin.ManageCustomersActivity"
49-->src\main\AndroidManifest.xml:31:19-64
50            android:exported="true" />
50-->src\main\AndroidManifest.xml:31:65-88
51        <activity
51-->src\main\AndroidManifest.xml:32:9-89
52            android:name="com.example.myapplication.admin.ManageBookingsActivity"
52-->src\main\AndroidManifest.xml:32:19-63
53            android:exported="true" />
53-->src\main\AndroidManifest.xml:32:64-87
54        <activity
54-->src\main\AndroidManifest.xml:33:9-89
55            android:name="com.example.myapplication.admin.ViewComplaintsActivity"
55-->src\main\AndroidManifest.xml:33:19-63
56            android:exported="true" />
56-->src\main\AndroidManifest.xml:33:64-87
57        <activity
57-->src\main\AndroidManifest.xml:35:9-91
58            android:name="com.example.myapplication.customer.CustomerLoginActivity"
58-->src\main\AndroidManifest.xml:35:19-65
59            android:exported="true" />
59-->src\main\AndroidManifest.xml:35:66-89
60        <activity
60-->src\main\AndroidManifest.xml:36:9-93
61            android:name="com.example.myapplication.customer.CustomerSignupActivity"
61-->src\main\AndroidManifest.xml:36:19-66
62            android:exported="false" />
62-->src\main\AndroidManifest.xml:36:67-91
63        <activity
63-->src\main\AndroidManifest.xml:37:9-95
64            android:name="com.example.myapplication.customer.CustomerDashboardActivity"
64-->src\main\AndroidManifest.xml:37:19-69
65            android:exported="true" />
65-->src\main\AndroidManifest.xml:37:70-93
66        <activity
66-->src\main\AndroidManifest.xml:38:9-89
67            android:name="com.example.myapplication.customer.ViewRentersActivity"
67-->src\main\AndroidManifest.xml:38:19-63
68            android:exported="true" />
68-->src\main\AndroidManifest.xml:38:64-87
69        <activity
69-->src\main\AndroidManifest.xml:39:9-88
70            android:name="com.example.myapplication.customer.MyBookingsActivity"
70-->src\main\AndroidManifest.xml:39:19-62
71            android:exported="true" />
71-->src\main\AndroidManifest.xml:39:63-86
72        <activity
72-->src\main\AndroidManifest.xml:41:9-91
73            android:name="com.example.myapplication.renter.RenterDashboardActivity"
73-->src\main\AndroidManifest.xml:41:19-65
74            android:exported="true" />
74-->src\main\AndroidManifest.xml:41:66-89
75        <activity
75-->src\main\AndroidManifest.xml:42:9-90
76            android:name="com.example.myapplication.renter.ManageVehiclesActivity"
76-->src\main\AndroidManifest.xml:42:19-64
77            android:exported="true" />
77-->src\main\AndroidManifest.xml:42:65-88
78        <activity
78-->src\main\AndroidManifest.xml:43:9-90
79            android:name="com.example.myapplication.renter.AddEditVehicleActivity"
79-->src\main\AndroidManifest.xml:43:19-64
80            android:exported="true" />
80-->src\main\AndroidManifest.xml:43:65-88
81        <activity
81-->src\main\AndroidManifest.xml:45:9-91
82            android:name="com.example.myapplication.driver.DriverDashboardActivity"
82-->src\main\AndroidManifest.xml:45:19-65
83            android:exported="true" />
83-->src\main\AndroidManifest.xml:45:66-89
84
85        <provider
85-->[androidx.emoji2:emoji2:1.3.0] AndroidManifest.xml:24:9-32:20
86            android:name="androidx.startup.InitializationProvider"
86-->[androidx.emoji2:emoji2:1.3.0] AndroidManifest.xml:25:13-67
87            android:authorities="com.example.myapplication.androidx-startup"
87-->[androidx.emoji2:emoji2:1.3.0] AndroidManifest.xml:26:13-68
88            android:exported="false" >
88-->[androidx.emoji2:emoji2:1.3.0] AndroidManifest.xml:27:13-37
89            <meta-data
89-->[androidx.emoji2:emoji2:1.3.0] AndroidManifest.xml:29:13-31:52
90                android:name="androidx.emoji2.text.EmojiCompatInitializer"
90-->[androidx.emoji2:emoji2:1.3.0] AndroidManifest.xml:30:17-75
91                android:value="androidx.startup" />
91-->[androidx.emoji2:emoji2:1.3.0] AndroidManifest.xml:31:17-49
92            <meta-data
92-->[androidx.lifecycle:lifecycle-process:2.6.2] AndroidManifest.xml:29:13-31:52
93                android:name="androidx.lifecycle.ProcessLifecycleInitializer"
93-->[androidx.lifecycle:lifecycle-process:2.6.2] AndroidManifest.xml:30:17-78
94                android:value="androidx.startup" />
94-->[androidx.lifecycle:lifecycle-process:2.6.2] AndroidManifest.xml:31:17-49
95            <meta-data
95-->[androidx.profileinstaller:profileinstaller:1.3.1] AndroidManifest.xml:29:13-31:52
96                android:name="androidx.profileinstaller.ProfileInstallerInitializer"
96-->[androidx.profileinstaller:profileinstaller:1.3.1] AndroidManifest.xml:30:17-85
97                android:value="androidx.startup" />
97-->[androidx.profileinstaller:profileinstaller:1.3.1] AndroidManifest.xml:31:17-49
98        </provider>
99
100        <receiver
100-->[androidx.profileinstaller:profileinstaller:1.3.1] AndroidManifest.xml:34:9-52:20
101            android:name="androidx.profileinstaller.ProfileInstallReceiver"
101-->[androidx.profileinstaller:profileinstaller:1.3.1] AndroidManifest.xml:35:13-76
102            android:directBootAware="false"
102-->[androidx.profileinstaller:profileinstaller:1.3.1] AndroidManifest.xml:36:13-44
103            android:enabled="true"
103-->[androidx.profileinstaller:profileinstaller:1.3.1] AndroidManifest.xml:37:13-35
104            android:exported="true"
104-->[androidx.profileinstaller:profileinstaller:1.3.1] AndroidManifest.xml:38:13-36
105            android:permission="android.permission.DUMP" >
105-->[androidx.profileinstaller:profileinstaller:1.3.1] AndroidManifest.xml:39:13-57
106            <intent-filter>
106-->[androidx.profileinstaller:profileinstaller:1.3.1] AndroidManifest.xml:40:13-42:29
107                <action android:name="androidx.profileinstaller.action.INSTALL_PROFILE" />
107-->[androidx.profileinstaller:profileinstaller:1.3.1] AndroidManifest.xml:41:17-91
107-->[androidx.profileinstaller:profileinstaller:1.3.1] AndroidManifest.xml:41:25-88
108            </intent-filter>
109            <intent-filter>
109-->[androidx.profileinstaller:profileinstaller:1.3.1] AndroidManifest.xml:43:13-45:29
110                <action android:name="androidx.profileinstaller.action.SKIP_FILE" />
110-->[androidx.profileinstaller:profileinstaller:1.3.1] AndroidManifest.xml:44:17-85
110-->[androidx.profileinstaller:profileinstaller:1.3.1] AndroidManifest.xml:44:25-82
111            </intent-filter>
112            <intent-filter>
112-->[androidx.profileinstaller:profileinstaller:1.3.1] AndroidManifest.xml:46:13-48:29
113                <action android:name="androidx.profileinstaller.action.SAVE_PROFILE" />
113-->[androidx.profileinstaller:profileinstaller:1.3.1] AndroidManifest.xml:47:17-88
113-->[androidx.profileinstaller:profileinstaller:1.3.1] AndroidManifest.xml:47:25-85
114            </intent-filter>
115            <intent-filter>
115-->[androidx.profileinstaller:profileinstaller:1.3.1] AndroidManifest.xml:49:13-51:29
116                <action android:name="androidx.profileinstaller.action.BENCHMARK_OPERATION" />
116-->[androidx.profileinstaller:profileinstaller:1.3.1] AndroidManifest.xml:50:17-95
116-->[androidx.profileinstaller:profileinstaller:1.3.1] AndroidManifest.xml:50:25-92
117            </intent-filter>
118        </receiver>
119    </application>
120
121</manifest>